[2023.10.24.04:27:01]
Mysql Connected
[2023.10.24.04:27:01]
Client request all students data
[2023.10.24.04:27:02]
Mysql Connected
[2023.10.24.04:27:02]
Client request all courses data
[2023.10.24.04:27:06]
Mysql Connected
[2023.10.24.04:27:06]
Client request all students data
[2023.10.24.04:27:09]
Mysql Connected
[2023.10.24.04:27:09]
Client request all courses data
[2023.10.24.04:34:12]
Server Connected
[2023.10.24.04:35:06]
Server Connected
[2023.10.24.04:41:57]
Server Connected
[2023.10.24.04:42:11]
Server Connected
[2023.10.24.04:45:36]
Server Connected
[2023.10.24.04:49:58]
Server Connected
[2023.10.24.04:52:35]
Server Connected
[2023.10.24.04:55:04]
Server Connected
[2023.10.24.05:00:08]
Server Connected
[2023.10.24.05:02:43]
Server Connected
[2023.10.24.05:02:46]
Mysql Connected
[2023.10.24.05:02:46]
Client request all students data
[2023.10.24.05:08:27]
Server Connected
[2023.10.24.05:08:31]
Mysql Connected
[2023.10.24.05:08:31]
Client request all students data
[2023.10.24.05:15:37]
Server Connected
[2023.10.24.05:15:41]
Mysql Connected
[2023.10.24.05:15:41]
Client request all students data
[2023.10.24.05:20:39]
Server Connected
[2023.10.24.05:20:43]
Mysql Connected
[2023.10.24.05:20:43]
Client request all students data
[2023.10.24.05:26:28]
Server Connected
[2023.10.24.05:26:31]
Mysql Connected
[2023.10.24.05:26:31]
Client request all students data
[2023.10.24.05:31:29]
Server Connected
[2023.10.24.05:31:33]
Mysql Connected
[2023.10.24.05:31:33]
Client request all students data
[2023.10.24.05:36:08]
Server Connected
[2023.10.24.05:36:13]
Mysql Connected
[2023.10.24.05:36:13]
Client request all students data
[2023.10.24.06:19:57]
Server Connected
[2023.10.24.06:33:10]
Server Connected
[2023.10.24.06:44:08]
Server Connected
[2023.10.24.06:44:50]
Mysql Connected
[2023.10.24.06:49:16]
Server Connected
[2023.10.24.06:49:39]
Mysql Connected
[2023.10.24.06:52:20]
Server Connected
[2023.10.24.06:52:31]
Mysql Connected
[2023.10.24.06:54:09]
Server Connected
[2023.10.24.06:54:19]
Mysql Connected
[2023.10.24.06:54:21]
Mysql Connected
[2023.10.24.06:54:21]
Client request all students data
[2023.10.24.06:54:32]
Mysql Connected
[2023.10.24.06:54:32]
Client requests insert some students data
[2023.10.24.06:55:57]
Server Connected
[2023.10.24.06:56:05]
Mysql Connected
[2023.10.24.06:56:07]
Mysql Connected
[2023.10.24.06:56:07]
Client request all students data
[2023.10.24.06:56:35]
Mysql Connected
[2023.10.24.06:56:35]
Client requests LeeJunKyu student data
[2023.10.24.06:56:38]
Mysql Connected
[2023.10.24.06:56:38]
Client requests insert some students data
[2023.10.24.06:56:51]
Mysql Connected
[2023.10.24.06:56:51]
Client request all students data
[2023.10.24.07:09:48]
Server Connected
[2023.10.24.07:09:57]
Mysql Connected
[2023.10.24.07:09:59]
Mysql Connected
[2023.10.24.07:09:59]
Client request all students data
[2023.10.24.07:21:06]
Server Connected
[2023.10.24.07:21:13]
Mysql Connected
[2023.10.24.07:21:15]
Mysql Connected
[2023.10.24.07:21:15]
Client request all students data
